\BOOKMARK [1][-]{section.1}{Design}{}
\BOOKMARK [2][-]{subsection.1.1}{Description of concept}{section.1}
\BOOKMARK [2][-]{subsection.1.2}{Application}{section.1}
\BOOKMARK [2][-]{subsection.1.3}{Algorithm}{section.1}
\BOOKMARK [2][-]{subsection.1.4}{Pseudo Codes}{section.1}
\BOOKMARK [1][-]{section.2}{Q\046A}{}
\BOOKMARK [2][-]{subsection.2.1}{Questions}{section.2}
\BOOKMARK [3][-]{subsubsection.2.1.1}{What do you think the main point of this assignment is?}{subsection.2.1}
\BOOKMARK [3][-]{subsubsection.2.1.2}{How did you personally approach the problem? Design decisions, algorithm, etc.}{subsection.2.1}
\BOOKMARK [3][-]{subsubsection.2.1.3}{How did you ensure your solution was correct? Testing details, for instance.}{subsection.2.1}
\BOOKMARK [3][-]{subsubsection.2.1.4}{What did you learn?}{subsection.2.1}
\BOOKMARK [1][-]{section.3}{Logs}{}
\BOOKMARK [2][-]{subsection.3.1}{Work-flow and scheduling}{section.3}
\BOOKMARK [2][-]{subsection.3.2}{Work log}{section.3}
\BOOKMARK [2][-]{subsection.3.3}{Git commit log}{section.3}
\BOOKMARK [1][-]{section.4}{Code}{}
\BOOKMARK [2][-]{subsection.4.1}{rd2.c}{section.4}
\BOOKMARK [2][-]{subsection.4.2}{Kconfig}{section.4}
\BOOKMARK [2][-]{subsection.4.3}{Makefile}{section.4}
\BOOKMARK [2][-]{subsection.4.4}{Patch}{section.4}
