This is pdfTeX, Version 3.14159265-2.6-1.40.16 (TeX Live 2015/Debian) (preloaded format=latex 2017.4.27)  5 MAY 2017 22:40
entering extended mode
 \write18 enabled.
 %&-line parsing enabled.
**main
(./main.tex
LaTeX2e <2016/02/01>
Babel <3.9q> and hyphenation patterns for 3 language(s) loaded.
(./IEEEtran.cls
Document Class: IEEEtran 2015/08/26 V1.8b by Michael Shell
-- See the "IEEEtran_HOWTO" manual for usage information.
-- http://www.michaelshell.org/tex/ieeetran/
\@IEEEtrantmpdimenA=\dimen102
\@IEEEtrantmpdimenB=\dimen103
\@IEEEtrantmpdimenC=\dimen104
\@IEEEtrantmpcountA=\count79
\@IEEEtrantmpcountB=\count80
\@IEEEtrantmpcountC=\count81
\@IEEEtrantmptoksA=\toks14
LaTeX Font Info:    Try loading font information for OT1+ppl on input line 503.

(/usr/share/texlive/texmf-dist/tex/latex/psnfss/ot1ppl.fd
File: ot1ppl.fd 2001/06/04 font definitions for OT1/ppl.
)
-- Using IEEE Computer Society mode.
-- Using 8.5in x 11in (letter) paper.
-- Using DVI output.
\@IEEEnormalsizeunitybaselineskip=\dimen105
-- This is a 10 point document.
\CLASSINFOnormalsizebaselineskip=\dimen106
\CLASSINFOnormalsizeunitybaselineskip=\dimen107
\IEEEnormaljot=\dimen108
LaTeX Font Info:    Font shape `OT1/ppl/bx/n' in size <5.01874> not available
(Font)              Font shape `OT1/ppl/b/n' tried instead on input line 1090.
LaTeX Font Info:    Font shape `OT1/ppl/bx/it' in size <5.01874> not available
(Font)              Font shape `OT1/ppl/b/it' tried instead on input line 1090.

LaTeX Font Info:    Font shape `OT1/ppl/bx/n' in size <7.02625> not available
(Font)              Font shape `OT1/ppl/b/n' tried instead on input line 1090.
LaTeX Font Info:    Font shape `OT1/ppl/bx/it' in size <7.02625> not available
(Font)              Font shape `OT1/ppl/b/it' tried instead on input line 1090.

LaTeX Font Info:    Font shape `OT1/ppl/bx/n' in size <8.03> not available
(Font)              Font shape `OT1/ppl/b/n' tried instead on input line 1090.
LaTeX Font Info:    Font shape `OT1/ppl/bx/it' in size <8.03> not available
(Font)              Font shape `OT1/ppl/b/it' tried instead on input line 1090.

LaTeX Font Info:    Font shape `OT1/ppl/bx/n' in size <9.03374> not available
(Font)              Font shape `OT1/ppl/b/n' tried instead on input line 1090.
LaTeX Font Info:    Font shape `OT1/ppl/bx/it' in size <9.03374> not available
(Font)              Font shape `OT1/ppl/b/it' tried instead on input line 1090.

LaTeX Font Info:    Font shape `OT1/ppl/bx/n' in size <9.53561> not available
(Font)              Font shape `OT1/ppl/b/n' tried instead on input line 1090.
LaTeX Font Info:    Font shape `OT1/ppl/bx/it' in size <9.53561> not available
(Font)              Font shape `OT1/ppl/b/it' tried instead on input line 1090.

LaTeX Font Info:    Font shape `OT1/ppl/bx/n' in size <11.04124> not available
(Font)              Font shape `OT1/ppl/b/n' tried instead on input line 1090.
LaTeX Font Info:    Font shape `OT1/ppl/bx/it' in size <11.04124> not available

(Font)              Font shape `OT1/ppl/b/it' tried instead on input line 1090.

LaTeX Font Info:    Font shape `OT1/ppl/bx/n' in size <12.045> not available
(Font)              Font shape `OT1/ppl/b/n' tried instead on input line 1090.
LaTeX Font Info:    Font shape `OT1/ppl/bx/it' in size <12.045> not available
(Font)              Font shape `OT1/ppl/b/it' tried instead on input line 1090.

LaTeX Font Info:    Font shape `OT1/ppl/bx/n' in size <17.06374> not available
(Font)              Font shape `OT1/ppl/b/n' tried instead on input line 1090.
LaTeX Font Info:    Font shape `OT1/ppl/bx/it' in size <17.06374> not available

(Font)              Font shape `OT1/ppl/b/it' tried instead on input line 1090.

LaTeX Font Info:    Font shape `OT1/ppl/bx/n' in size <20.075> not available
(Font)              Font shape `OT1/ppl/b/n' tried instead on input line 1090.
LaTeX Font Info:    Font shape `OT1/ppl/bx/it' in size <20.075> not available
(Font)              Font shape `OT1/ppl/b/it' tried instead on input line 1090.

LaTeX Font Info:    Font shape `OT1/ppl/bx/n' in size <24.09> not available
(Font)              Font shape `OT1/ppl/b/n' tried instead on input line 1090.
LaTeX Font Info:    Font shape `OT1/ppl/bx/it' in size <24.09> not available
(Font)              Font shape `OT1/ppl/b/it' tried instead on input line 1090.

\IEEEquantizedlength=\dimen109
\IEEEquantizedlengthdiff=\dimen110
\IEEEquantizedtextheightdiff=\dimen111
\IEEEilabelindentA=\dimen112
\IEEEilabelindentB=\dimen113
\IEEEilabelindent=\dimen114
\IEEEelabelindent=\dimen115
\IEEEdlabelindent=\dimen116
\IEEElabelindent=\dimen117
\IEEEiednormlabelsep=\dimen118
\IEEEiedmathlabelsep=\dimen119
\IEEEiedtopsep=\skip41
\c@section=\count82
\c@subsection=\count83
\c@subsubsection=\count84
\c@paragraph=\count85
\c@IEEEsubequation=\count86
\abovecaptionskip=\skip42
\belowcaptionskip=\skip43
\c@figure=\count87
\c@table=\count88
\@IEEEeqnnumcols=\count89
\@IEEEeqncolcnt=\count90
\@IEEEsubeqnnumrollback=\count91
\@IEEEquantizeheightA=\dimen120
\@IEEEquantizeheightB=\dimen121
\@IEEEquantizeheightC=\dimen122
\@IEEEquantizeprevdepth=\dimen123
\@IEEEquantizemultiple=\count92
\@IEEEquantizeboxA=\box26
\@IEEEtmpitemindent=\dimen124
\IEEEPARstartletwidth=\dimen125
\c@IEEEbiography=\count93
\@IEEEtranrubishbin=\box27
) (/usr/share/texlive/texmf-dist/tex/latex/geometry/geometry.sty
Package: geometry 2010/09/12 v5.6 Page Geometry

(/usr/share/texlive/texmf-dist/tex/latex/graphics/keyval.sty
Package: keyval 2014/10/28 v1.15 key=value parser (DPC)
\KV@toks@=\toks15
)
(/usr/share/texlive/texmf-dist/tex/generic/oberdiek/ifpdf.sty
Package: ifpdf 2011/01/30 v2.3 Provides the ifpdf switch (HO)
Package ifpdf Info: pdfTeX in PDF mode is not detected.
)
(/usr/share/texlive/texmf-dist/tex/generic/oberdiek/ifvtex.sty
Package: ifvtex 2010/03/01 v1.5 Detect VTeX and its facilities (HO)
Package ifvtex Info: VTeX not detected.
)
(/usr/share/texlive/texmf-dist/tex/generic/ifxetex/ifxetex.sty
Package: ifxetex 2010/09/12 v0.6 Provides ifxetex conditional
)
\Gm@cnth=\count94
\Gm@cntv=\count95
\c@Gm@tempcnt=\count96
\Gm@bindingoffset=\dimen126
\Gm@wd@mp=\dimen127
\Gm@odd@mp=\dimen128
\Gm@even@mp=\dimen129
\Gm@layoutwidth=\dimen130
\Gm@layoutheight=\dimen131
\Gm@layouthoffset=\dimen132
\Gm@layoutvoffset=\dimen133
\Gm@dimlist=\toks16
)
(/usr/share/texlive/texmf-dist/tex/latex/pdfpages/pdfpages.sty
Package: pdfpages 2015/09/18 v0.5d Insert pages of external PDF documents (AM)

(/usr/share/texlive/texmf-dist/tex/latex/base/ifthen.sty
Package: ifthen 2014/09/29 v1.1c Standard LaTeX ifthen package (DPC)
)
(/usr/share/texlive/texmf-dist/tex/latex/tools/calc.sty
Package: calc 2014/10/28 v4.3 Infix arithmetic (KKT,FJ)
\calc@Acount=\count97
\calc@Bcount=\count98
\calc@Adimen=\dimen134
\calc@Bdimen=\dimen135
\calc@Askip=\skip44
\calc@Bskip=\skip45
LaTeX Info: Redefining \setlength on input line 80.
LaTeX Info: Redefining \addtolength on input line 81.
\calc@Ccount=\count99
\calc@Cskip=\skip46
)
(/usr/share/texlive/texmf-dist/tex/latex/eso-pic/eso-pic.sty
Package: eso-pic 2015/07/21 v2.0g eso-pic (RN)

(/usr/share/texlive/texmf-dist/tex/generic/oberdiek/atbegshi.sty
Package: atbegshi 2011/10/05 v1.16 At begin shipout hook (HO)

(/usr/share/texlive/texmf-dist/tex/generic/oberdiek/infwarerr.sty
Package: infwarerr 2010/04/08 v1.3 Providing info/warning/error messages (HO)
)
(/usr/share/texlive/texmf-dist/tex/generic/oberdiek/ltxcmds.sty
Package: ltxcmds 2011/11/09 v1.22 LaTeX kernel commands for general use (HO)
))
(/usr/share/texlive/texmf-dist/tex/latex/xcolor/xcolor.sty
Package: xcolor 2007/01/21 v2.11 LaTeX color extensions (UK)

(/usr/share/texlive/texmf-dist/tex/latex/latexconfig/color.cfg
File: color.cfg 2007/01/18 v1.5 color configuration of teTeX/TeXLive
)
Package xcolor Info: Driver file: dvips.def on input line 225.

(/usr/share/texlive/texmf-dist/tex/latex/graphics/dvips.def
File: dvips.def 2015/12/30 v3.0k Driver-dependent file (DPC,SPQR)
)
(/usr/share/texlive/texmf-dist/tex/latex/colortbl/colortbl.sty
Package: colortbl 2012/02/13 v1.0a Color table columns (DPC)

(/usr/share/texlive/texmf-dist/tex/latex/tools/array.sty
Package: array 2014/10/28 v2.4c Tabular extension package (FMi)
\col@sep=\dimen136
\extrarowheight=\dimen137
\NC@list=\toks17
\extratabsurround=\skip47
\backup@length=\skip48
)
\everycr=\toks18
\minrowclearance=\skip49
)
\rownum=\count100
Package xcolor Info: Model `cmy' substituted by `cmy0' on input line 1337.
Package xcolor Info: Model `RGB' extended on input line 1353.
Package xcolor Info: Model `HTML' substituted by `rgb' on input line 1355.
Package xcolor Info: Model `Hsb' substituted by `hsb' on input line 1356.
Package xcolor Info: Model `tHsb' substituted by `hsb' on input line 1357.
Package xcolor Info: Model `HSB' substituted by `hsb' on input line 1358.
Package xcolor Info: Model `Gray' substituted by `gray' on input line 1359.
Package xcolor Info: Model `wave' substituted by `hsb' on input line 1360.
))
(/usr/share/texlive/texmf-dist/tex/latex/graphics/graphicx.sty
Package: graphicx 2014/10/28 v1.0g Enhanced LaTeX Graphics (DPC,SPQR)

(/usr/share/texlive/texmf-dist/tex/latex/graphics/graphics.sty
Package: graphics 2016/01/03 v1.0q Standard LaTeX Graphics (DPC,SPQR)

(/usr/share/texlive/texmf-dist/tex/latex/graphics/trig.sty
Package: trig 2016/01/03 v1.10 sin cos tan (DPC)
)
(/usr/share/texlive/texmf-dist/tex/latex/latexconfig/graphics.cfg
File: graphics.cfg 2010/04/23 v1.9 graphics configuration of TeX Live
)
Package graphics Info: Driver file: dvips.def on input line 95.
)
\Gin@req@height=\dimen138
\Gin@req@width=\dimen139
)
\AM@pagewidth=\dimen140
\AM@pageheight=\dimen141

(/usr/share/texlive/texmf-dist/tex/latex/pdfpages/pppdftex.def
File: pppdftex.def 2015/09/18 v0.5d Pdfpages driver for pdfTeX (AM)

(/usr/share/texlive/texmf-dist/tex/latex/pdfpages/ppnull.def
File: ppnull.def 2015/09/18 v0.5d Pdfpages dummy driver (AM)


Package pdfpages Warning: I will use a dummy \includepdf command which
(pdfpages)                will insert empty pages instead of the actual PDF,
(pdfpages)                because we are running in DVI mode or with
(pdfpages)                dvips driver.

))
\AM@pagebox=\box28
\AM@toc@title=\toks19
\c@AM@survey=\count101
\AM@templatesizebox=\box29
) (./minted.sty
Package: minted 2016/10/31 v2.4.1 Yet another Pygments shim for LaTeX

(/usr/share/texlive/texmf-dist/tex/latex/oberdiek/kvoptions.sty
Package: kvoptions 2011/06/30 v3.11 Key value format for package options (HO)

(/usr/share/texlive/texmf-dist/tex/generic/oberdiek/kvsetkeys.sty
Package: kvsetkeys 2012/04/25 v1.16 Key value parser (HO)

(/usr/share/texlive/texmf-dist/tex/generic/oberdiek/etexcmds.sty
Package: etexcmds 2011/02/16 v1.5 Avoid name clashes with e-TeX commands (HO)

(/usr/share/texlive/texmf-dist/tex/generic/oberdiek/ifluatex.sty
Package: ifluatex 2010/03/01 v1.3 Provides the ifluatex switch (HO)
Package ifluatex Info: LuaTeX not detected.
)
Package etexcmds Info: Could not find \expanded.
(etexcmds)             That can mean that you are not using pdfTeX 1.50 or
(etexcmds)             that some package has redefined \expanded.
(etexcmds)             In the latter case, load this package earlier.
)))
(./fvextra.sty
Package: fvextra 2016/09/02 v1.2.1 fvextra - extensions and patches for fancyvr
b
 (./etoolbox.sty
Package: etoolbox 2015/08/02 v2.2a e-TeX tools for LaTeX (JAW)
\etb@tempcnta=\count102
)
(/usr/share/texlive/texmf-dist/tex/latex/fancyvrb/fancyvrb.sty
Package: fancyvrb 2008/02/07

Style option: `fancyvrb' v2.7a, with DG/SPQR fixes, and firstline=lastline fix 
<2008/02/07> (tvz)
\FV@CodeLineNo=\count103
\FV@InFile=\read1
\FV@TabBox=\box30
\c@FancyVerbLine=\count104
\FV@StepNumber=\count105
\FV@OutFile=\write3
) (./upquote.sty
Package: upquote 2012/04/19 v1.3 upright-quote and grave-accent glyphs in verba
tim

(/usr/share/texlive/texmf-dist/tex/latex/base/textcomp.sty
Package: textcomp 2005/09/27 v1.99g Standard LaTeX package
Package textcomp Info: Sub-encoding information:
(textcomp)               5 = only ISO-Adobe without \textcurrency
(textcomp)               4 = 5 + \texteuro
(textcomp)               3 = 4 + \textohm
(textcomp)               2 = 3 + \textestimated + \textcurrency
(textcomp)               1 = TS1 - \textcircled - \t
(textcomp)               0 = TS1 (full)
(textcomp)             Font families with sub-encoding setting implement
(textcomp)             only a restricted character set as indicated.
(textcomp)             Family '?' is the default used for unknown fonts.
(textcomp)             See the documentation for details.
Package textcomp Info: Setting ? sub-encoding to TS1/1 on input line 79.

(/usr/share/texlive/texmf-dist/tex/latex/base/ts1enc.def
File: ts1enc.def 2001/06/05 v3.0e (jk/car/fm) Standard LaTeX file
)
LaTeX Info: Redefining \oldstylenums on input line 334.
Package textcomp Info: Setting cmr sub-encoding to TS1/0 on input line 349.
Package textcomp Info: Setting cmss sub-encoding to TS1/0 on input line 350.
Package textcomp Info: Setting cmtt sub-encoding to TS1/0 on input line 351.
Package textcomp Info: Setting cmvtt sub-encoding to TS1/0 on input line 352.
Package textcomp Info: Setting cmbr sub-encoding to TS1/0 on input line 353.
Package textcomp Info: Setting cmtl sub-encoding to TS1/0 on input line 354.
Package textcomp Info: Setting ccr sub-encoding to TS1/0 on input line 355.
Package textcomp Info: Setting ptm sub-encoding to TS1/4 on input line 356.
Package textcomp Info: Setting pcr sub-encoding to TS1/4 on input line 357.
Package textcomp Info: Setting phv sub-encoding to TS1/4 on input line 358.
Package textcomp Info: Setting ppl sub-encoding to TS1/3 on input line 359.
Package textcomp Info: Setting pag sub-encoding to TS1/4 on input line 360.
Package textcomp Info: Setting pbk sub-encoding to TS1/4 on input line 361.
Package textcomp Info: Setting pnc sub-encoding to TS1/4 on input line 362.
Package textcomp Info: Setting pzc sub-encoding to TS1/4 on input line 363.
Package textcomp Info: Setting bch sub-encoding to TS1/4 on input line 364.
Package textcomp Info: Setting put sub-encoding to TS1/5 on input line 365.
Package textcomp Info: Setting uag sub-encoding to TS1/5 on input line 366.
Package textcomp Info: Setting ugq sub-encoding to TS1/5 on input line 367.
Package textcomp Info: Setting ul8 sub-encoding to TS1/4 on input line 368.
Package textcomp Info: Setting ul9 sub-encoding to TS1/4 on input line 369.
Package textcomp Info: Setting augie sub-encoding to TS1/5 on input line 370.
Package textcomp Info: Setting dayrom sub-encoding to TS1/3 on input line 371.
Package textcomp Info: Setting dayroms sub-encoding to TS1/3 on input line 372.

Package textcomp Info: Setting pxr sub-encoding to TS1/0 on input line 373.
Package textcomp Info: Setting pxss sub-encoding to TS1/0 on input line 374.
Package textcomp Info: Setting pxtt sub-encoding to TS1/0 on input line 375.
Package textcomp Info: Setting txr sub-encoding to TS1/0 on input line 376.
Package textcomp Info: Setting txss sub-encoding to TS1/0 on input line 377.
Package textcomp Info: Setting txtt sub-encoding to TS1/0 on input line 378.
Package textcomp Info: Setting lmr sub-encoding to TS1/0 on input line 379.
Package textcomp Info: Setting lmdh sub-encoding to TS1/0 on input line 380.
Package textcomp Info: Setting lmss sub-encoding to TS1/0 on input line 381.
Package textcomp Info: Setting lmssq sub-encoding to TS1/0 on input line 382.
Package textcomp Info: Setting lmvtt sub-encoding to TS1/0 on input line 383.
Package textcomp Info: Setting lmtt sub-encoding to TS1/0 on input line 384.
Package textcomp Info: Setting qhv sub-encoding to TS1/0 on input line 385.
Package textcomp Info: Setting qag sub-encoding to TS1/0 on input line 386.
Package textcomp Info: Setting qbk sub-encoding to TS1/0 on input line 387.
Package textcomp Info: Setting qcr sub-encoding to TS1/0 on input line 388.
Package textcomp Info: Setting qcs sub-encoding to TS1/0 on input line 389.
Package textcomp Info: Setting qpl sub-encoding to TS1/0 on input line 390.
Package textcomp Info: Setting qtm sub-encoding to TS1/0 on input line 391.
Package textcomp Info: Setting qzc sub-encoding to TS1/0 on input line 392.
Package textcomp Info: Setting qhvc sub-encoding to TS1/0 on input line 393.
Package textcomp Info: Setting futs sub-encoding to TS1/4 on input line 394.
Package textcomp Info: Setting futx sub-encoding to TS1/4 on input line 395.
Package textcomp Info: Setting futj sub-encoding to TS1/4 on input line 396.
Package textcomp Info: Setting hlh sub-encoding to TS1/3 on input line 397.
Package textcomp Info: Setting hls sub-encoding to TS1/3 on input line 398.
Package textcomp Info: Setting hlst sub-encoding to TS1/3 on input line 399.
Package textcomp Info: Setting hlct sub-encoding to TS1/5 on input line 400.
Package textcomp Info: Setting hlx sub-encoding to TS1/5 on input line 401.
Package textcomp Info: Setting hlce sub-encoding to TS1/5 on input line 402.
Package textcomp Info: Setting hlcn sub-encoding to TS1/5 on input line 403.
Package textcomp Info: Setting hlcw sub-encoding to TS1/5 on input line 404.
Package textcomp Info: Setting hlcf sub-encoding to TS1/5 on input line 405.
Package textcomp Info: Setting pplx sub-encoding to TS1/3 on input line 406.
Package textcomp Info: Setting pplj sub-encoding to TS1/3 on input line 407.
Package textcomp Info: Setting ptmx sub-encoding to TS1/4 on input line 408.
Package textcomp Info: Setting ptmj sub-encoding to TS1/4 on input line 409.
))
(/usr/share/texlive/texmf-dist/tex/latex/lineno/lineno.sty
Package: lineno 2005/11/02 line numbers on paragraphs v4.41
\linenopenalty=\count106
\output=\toks20
\linenoprevgraf=\count107
\linenumbersep=\dimen142
\linenumberwidth=\dimen143
\c@linenumber=\count108
\c@pagewiselinenumber=\count109
\c@LN@truepage=\count110
\c@internallinenumber=\count111
\c@internallinenumbers=\count112
\quotelinenumbersep=\dimen144
\bframerule=\dimen145
\bframesep=\dimen146
\bframebox=\box31
LaTeX Info: Redefining \\ on input line 3056.
)
\c@FV@TrueTabGroupLevel=\count113
\c@FV@TrueTabCounter=\count114
\FV@TabBox@Group=\box32
\FV@TmpLength=\skip50
\c@FV@HighlightLinesStart=\count115
\c@FV@HighlightLinesStop=\count116
\FV@BreakIndent=\dimen147
\FV@BreakSymbolSepLeft=\dimen148
\FV@BreakSymbolSepRight=\dimen149
\FV@BreakSymbolIndentLeft=\dimen150
LaTeX Font Info:    Try loading font information for OT1+pcr on input line 562.


(/usr/share/texlive/texmf-dist/tex/latex/psnfss/ot1pcr.fd
File: ot1pcr.fd 2001/06/04 font definitions for OT1/pcr.
)
\FV@BreakSymbolIndentRight=\dimen151
\c@FancyVerbLineBreakLast=\count117
\FV@LineBox=\box33
\FV@LineIndentBox=\box34
)
(/usr/share/texlive/texmf-dist/tex/latex/float/float.sty
Package: float 2001/11/08 v1.3d Float enhancements (AL)
\c@float@type=\count118
\float@exts=\toks21
\float@box=\box35
\@float@everytoks=\toks22
\@floatcapt=\box36
)
(/usr/share/texlive/texmf-dist/tex/latex/tools/shellesc.sty
Package: shellesc 2015/12/05 v0.01 unified shell escape interface for LaTeX
Package shellesc Info: Unrestricted shell escape ensabled on input line 65.
) (./ifplatform.sty
Package: ifplatform 2007/11/18 v0.2 Testing for the operating system
runsystem(echo 'write18-test-2017551360'>"main.w18")...executed.

\instream=\read2
runsystem(uname -s > "main.w18")...executed.

\instream=\read3
runsystem(rm -- "main.w18")...executed.

) (./pdftexcmds.sty
Package: pdftexcmds 2010/03/01 v0.8 Utility functions of pdfTeX for LuaTeX (HO)

Package pdftexcmds Info: LuaTeX not detected.
Package pdftexcmds Info: \pdf@primitive is available.
Package pdftexcmds Info: \pdf@ifprimitive is available.
) (./xstring.sty (./xstring.tex
\@xs@message=\write4
\integerpart=\count119
\decimalpart=\count120
)
Package: xstring 2013/10/13  v1.7c  String manipulations (C Tellechea)
) (./framed.sty
Package: framed 2011/10/22 v 0.96: framed or shaded text with page breaks
\OuterFrameSep=\skip51
\fb@frw=\dimen152
\fb@frh=\dimen153
\FrameRule=\dimen154
\FrameSep=\dimen155
)
\minted@appexistsfile=\read4
\minted@bgbox=\box37
\minted@code=\write5
\c@minted@FancyVerbLineTemp=\count121
\c@minted@pygmentizecounter=\count122
\@float@every@listing=\toks23
\c@listing=\count123
)
runsystem(mkdir -p _minted-main)...executed.


(/usr/share/texlive/texmf-dist/tex/latex/listings/listings.sty
\lst@mode=\count124
\lst@gtempboxa=\box38
\lst@token=\toks24
\lst@length=\count125
\lst@currlwidth=\dimen156
\lst@column=\count126
\lst@pos=\count127
\lst@lostspace=\dimen157
\lst@width=\dimen158
\lst@newlines=\count128
\lst@lineno=\count129
\lst@maxwidth=\dimen159

(/usr/share/texlive/texmf-dist/tex/latex/listings/lstmisc.sty
File: lstmisc.sty 2015/06/04 1.6 (Carsten Heinz)
\c@lstnumber=\count130
\lst@skipnumbers=\count131
\lst@framebox=\box39
)
(/usr/share/texlive/texmf-dist/tex/latex/listings/listings.cfg
File: listings.cfg 2015/06/04 1.6 listings configuration
))
Package: listings 2015/06/04 1.6 (Carsten Heinz)

(/usr/share/texlive/texmf-dist/tex/latex/tools/verbatim.sty
Package: verbatim 2014/10/28 v1.5q LaTeX2e package for verbatim enhancements
\every@verbatim=\toks25
\verbatim@line=\toks26
\verbatim@in@stream=\read5
)
(/usr/share/texlive/texmf-dist/tex/latex/url/url.sty
\Urlmuskip=\muskip10
Package: url 2013/09/16  ver 3.4  Verb mode for urls, etc.
)
(/usr/share/texlive/texmf-dist/tex/latex/hyperref/nameref.sty
Package: nameref 2012/10/27 v2.43 Cross-referencing by name of section

(/usr/share/texlive/texmf-dist/tex/latex/oberdiek/refcount.sty
Package: refcount 2011/10/16 v3.4 Data extraction from label references (HO)
)
(/usr/share/texlive/texmf-dist/tex/generic/oberdiek/gettitlestring.sty
Package: gettitlestring 2010/12/03 v1.4 Cleanup title references (HO)
)
\c@section@level=\count132
LaTeX Info: Redefining \ref on input line 353.
LaTeX Info: Redefining \pageref on input line 353.
)
(/usr/share/texlive/texmf-dist/tex/latex/setspace/setspace.sty
Package: setspace 2011/12/19 v6.7a set line spacing
)
(/usr/share/texlive/texmf-dist/tex/generic/babel/babel.sty
Package: babel 2016/02/24 3.9q The Babel package

(/usr/share/texlive/texmf-dist/tex/generic/babel-english/english.ldf
Language: english 2012/08/20 v3.3p English support from the babel system

(/usr/share/texlive/texmf-dist/tex/generic/babel/babel.def
File: babel.def 2016/02/24 3.9q Babel common definitions
\babel@savecnt=\count133
\U@D=\dimen160
)
\l@british = a dialect from \language\l@english 
\l@UKenglish = a dialect from \language\l@english 
\l@canadian = a dialect from \language\l@american 
\l@australian = a dialect from \language\l@british 
\l@newzealand = a dialect from \language\l@british 
)) (./fullpage.sty
Style Option FULLPAGE Version 2 as of 15 Dec 1988
) (/usr/share/texlive/texmf-dist/tex/latex/hyperref/hyperref.sty
Package: hyperref 2012/11/06 v6.83m Hypertext links for LaTeX

(/usr/share/texlive/texmf-dist/tex/generic/oberdiek/hobsub-hyperref.sty
Package: hobsub-hyperref 2012/05/28 v1.13 Bundle oberdiek, subset hyperref (HO)


(/usr/share/texlive/texmf-dist/tex/generic/oberdiek/hobsub-generic.sty
Package: hobsub-generic 2012/05/28 v1.13 Bundle oberdiek, subset generic (HO)
Package: hobsub 2012/05/28 v1.13 Construct package bundles (HO)
Package hobsub Info: Skipping package `infwarerr' (already loaded).
Package hobsub Info: Skipping package `ltxcmds' (already loaded).
Package hobsub Info: Skipping package `ifluatex' (already loaded).
Package hobsub Info: Skipping package `ifvtex' (already loaded).
Package: intcalc 2007/09/27 v1.1 Expandable calculations with integers (HO)
Package hobsub Info: Skipping package `ifpdf' (already loaded).
Package hobsub Info: Skipping package `etexcmds' (already loaded).
Package hobsub Info: Skipping package `kvsetkeys' (already loaded).
Package: kvdefinekeys 2011/04/07 v1.3 Define keys (HO)
Package hobsub Info: Skipping package `pdftexcmds' (already loaded).
Package: pdfescape 2011/11/25 v1.13 Implements pdfTeX's escape features (HO)
Package: bigintcalc 2012/04/08 v1.3 Expandable calculations on big integers (HO
)
Package: bitset 2011/01/30 v1.1 Handle bit-vector datatype (HO)
Package: uniquecounter 2011/01/30 v1.2 Provide unlimited unique counter (HO)
)
Package hobsub Info: Skipping package `hobsub' (already loaded).
Package: letltxmacro 2010/09/02 v1.4 Let assignment for LaTeX macros (HO)
Package: hopatch 2012/05/28 v1.2 Wrapper for package hooks (HO)
Package: xcolor-patch 2011/01/30 xcolor patch
Package: atveryend 2011/06/30 v1.8 Hooks at the very end of document (HO)
Package hobsub Info: Skipping package `atbegshi' (already loaded).
Package hobsub Info: Skipping package `refcount' (already loaded).
Package: hycolor 2011/01/30 v1.7 Color options for hyperref/bookmark (HO)
)
(/usr/share/texlive/texmf-dist/tex/latex/oberdiek/auxhook.sty
Package: auxhook 2011/03/04 v1.3 Hooks for auxiliary files (HO)
)
\@linkdim=\dimen161
\Hy@linkcounter=\count134
\Hy@pagecounter=\count135

(/usr/share/texlive/texmf-dist/tex/latex/hyperref/pd1enc.def
File: pd1enc.def 2012/11/06 v6.83m Hyperref: PDFDocEncoding definition (HO)
)
\Hy@SavedSpaceFactor=\count136

(/usr/share/texlive/texmf-dist/tex/latex/latexconfig/hyperref.cfg
File: hyperref.cfg 2002/06/06 v1.2 hyperref configuration of TeXLive
)
Package hyperref Info: Hyper figures OFF on input line 4443.
Package hyperref Info: Link nesting OFF on input line 4448.
Package hyperref Info: Hyper index ON on input line 4451.
Package hyperref Info: Plain pages OFF on input line 4458.
Package hyperref Info: Backreferencing OFF on input line 4463.
Package hyperref Info: Implicit mode ON; LaTeX internals redefined.
Package hyperref Info: Bookmarks ON on input line 4688.
\c@Hy@tempcnt=\count137
LaTeX Info: Redefining \url on input line 5041.
\XeTeXLinkMargin=\dimen162
\Fld@menulength=\count138
\Field@Width=\dimen163
\Fld@charsize=\dimen164
Package hyperref Info: Hyper figures OFF on input line 6295.
Package hyperref Info: Link nesting OFF on input line 6300.
Package hyperref Info: Hyper index ON on input line 6303.
Package hyperref Info: backreferencing OFF on input line 6310.
Package hyperref Info: Link coloring OFF on input line 6315.
Package hyperref Info: Link coloring with OCG OFF on input line 6320.
Package hyperref Info: PDF/A mode OFF on input line 6325.
LaTeX Info: Redefining \ref on input line 6365.
LaTeX Info: Redefining \pageref on input line 6369.
\Hy@abspage=\count139
\c@Item=\count140
\c@Hfootnote=\count141
)

Package hyperref Message: Driver (default): hdvips.

(/usr/share/texlive/texmf-dist/tex/latex/hyperref/hdvips.def
File: hdvips.def 2012/11/06 v6.83m Hyperref driver for dvips

(/usr/share/texlive/texmf-dist/tex/latex/hyperref/pdfmark.def
File: pdfmark.def 2012/11/06 v6.83m Hyperref definitions for pdfmark specials
\pdf@docset=\toks27
\pdf@box=\box40
\pdf@toks=\toks28
\pdf@defaulttoks=\toks29
\HyField@AnnotCount=\count142
\Fld@listcount=\count143
\c@bookmark@seq@number=\count144

(/usr/share/texlive/texmf-dist/tex/latex/oberdiek/rerunfilecheck.sty
Package: rerunfilecheck 2011/04/15 v1.7 Rerun checks for auxiliary files (HO)
Package uniquecounter Info: New unique counter `rerunfilecheck' on input line 2
82.
)
\Hy@SectionHShift=\skip52
))
Package hyperref Info: Option `colorlinks' set `true' on input line 20.
runsystem(which pygmentize && touch main.aex)...executed.

runsystem(rm main.aex)...executed.


(./main.aux)
\openout1 = `main.aux'.

LaTeX Font Info:    Checking defaults for OML/cmm/m/it on input line 24.
LaTeX Font Info:    ... okay on input line 24.
LaTeX Font Info:    Checking defaults for T1/cmr/m/n on input line 24.
LaTeX Font Info:    ... okay on input line 24.
LaTeX Font Info:    Checking defaults for OT1/cmr/m/n on input line 24.
LaTeX Font Info:    ... okay on input line 24.
LaTeX Font Info:    Checking defaults for OMS/cmsy/m/n on input line 24.
LaTeX Font Info:    ... okay on input line 24.
LaTeX Font Info:    Checking defaults for OMX/cmex/m/n on input line 24.
LaTeX Font Info:    ... okay on input line 24.
LaTeX Font Info:    Checking defaults for U/cmr/m/n on input line 24.
LaTeX Font Info:    ... okay on input line 24.
LaTeX Font Info:    Checking defaults for TS1/cmr/m/n on input line 24.
LaTeX Font Info:    Try loading font information for TS1+cmr on input line 24.
 (/usr/share/texlive/texmf-dist/tex/latex/base/ts1cmr.fd
File: ts1cmr.fd 2014/09/29 v2.5h Standard LaTeX font definitions
)
LaTeX Font Info:    ... okay on input line 24.
LaTeX Font Info:    Checking defaults for PD1/pdf/m/n on input line 24.
LaTeX Font Info:    ... okay on input line 24.

-- Lines per column: 55 (approximate, difference = 6.12285pt).
*geometry* driver: auto-detecting
*geometry* detected driver: dvips
*geometry* verbose mode - [ preamble ] result:
* driver: dvips
* paper: letterpaper
* layout: <same size as paper>
* layoutoffset:(h,v)=(0.0pt,0.0pt)
* modes: 
* h-part:(L,W,R)=(54.2025pt, 505.89pt, 54.2025pt)
* v-part:(T,H,B)=(54.2025pt, 686.56499pt, 54.2025pt)
* \paperwidth=614.295pt
* \paperheight=794.96999pt
* \textwidth=469.75499pt
* \textheight=643.20255pt
* \oddsidemargin=0.0pt
* \evensidemargin=0.0pt
* \topmargin=-18.69788pt
* \headheight=12.0pt
* \headsep=6.69788pt
* \topskip=11.58327pt
* \footskip=19.1765pt
* \marginparwidth=36.135pt
* \marginparsep=10.0pt
* \columnsep=12.045pt
* \skip\footins=15.63728pt plus 6.94984pt minus 3.47491pt
* \hoffset=0.0pt
* \voffset=0.0pt
* \mag=1000
* \@twocolumnfalse
* \@twosidefalse
* \@mparswitchfalse
* \@reversemarginfalse
* (1in=72.27pt=25.4mm, 1cm=28.453pt)

\AtBeginShipoutBox=\box41
(/usr/share/texlive/texmf-dist/tex/latex/oberdiek/pdflscape.sty
Package: pdflscape 2008/08/11 v0.10 Display of landscape pages in PDF (HO)

(/usr/share/texlive/texmf-dist/tex/latex/graphics/lscape.sty
Package: lscape 2000/10/22 v3.01 Landscape Pages (DPC)
)
Package pdflscape Info: Auto-detected driver: dvips (dvips) on input line 124.
)
\c@lstlisting=\count145
Package hyperref Info: Link coloring ON on input line 24.
LaTeX Info: Redefining \ref on input line 24.
LaTeX Info: Redefining \pageref on input line 24.
LaTeX Info: Redefining \nameref on input line 24.
 (./main.out)
(./main.out)
\@outlinefile=\write6
\openout6 = `main.out'.

LaTeX Font Info:    Try loading font information for OT1+phv on input line 26.
 (/usr/share/texlive/texmf-dist/tex/latex/psnfss/ot1phv.fd
File: ot1phv.fd 2001/06/04 scalable font definitions for OT1/phv.
)
LaTeX Font Info:    Calculating math sizes for size <11.04124> on input line 26
.
LaTeX Font Info:    External font `cmex10' loaded for size
(Font)              <11.04124> on input line 26.
LaTeX Font Info:    External font `cmex10' loaded for size
(Font)              <7.72884> on input line 26.
LaTeX Font Info:    External font `cmex10' loaded for size
(Font)              <5.52061> on input line 26.
LaTeX Font Info:    Try loading font information for U+pzd on input line 26.

(/usr/share/texlive/texmf-dist/tex/latex/psnfss/upzd.fd
File: upzd.fd 2001/06/04 font definitions for U/pzd.
)
LaTeX Font Info:    Font shape `OT1/phv/bx/n' in size <8.03> not available
(Font)              Font shape `OT1/phv/b/n' tried instead on input line 28.
 [1]
LaTeX Font Info:    Font shape `OT1/phv/bx/n' in size <11.04124> not available
(Font)              Font shape `OT1/phv/b/n' tried instead on input line 34.
LaTeX Font Info:    Font shape `OT1/phv/bx/sc' in size <11.04124> not available

(Font)              Font shape `OT1/phv/b/sc' tried instead on input line 34.
 (./main.toc
LaTeX Font Info:    Calculating math sizes for size <9.53561> on input line 3.
LaTeX Font Info:    External font `cmex10' loaded for size
(Font)              <9.53561> on input line 3.
LaTeX Font Info:    External font `cmex10' loaded for size
(Font)              <6.6749> on input line 3.
LaTeX Font Info:    External font `cmex10' loaded for size
(Font)              <4.7678> on input line 3.
)
\tf@toc=\write7
\openout7 = `main.toc'.


[2]
LaTeX Font Info:    Font shape `OT1/phv/bx/n' in size <9.53561> not available
(Font)              Font shape `OT1/phv/b/n' tried instead on input line 39.
\openout3 = `main.pyg'.

 (./_minted-main/default-pyg-prefix.pygstyle)
(./_minted-main/default.pygstyle)
(./_minted-main/576F8C5E472CA804F36BF4DD36996B9A5093E84BEA004B2911D4DA186861F6D
B.pygtex
LaTeX Font Info:    Font shape `OT1/pcr/m/it' in size <9.53561> not available
(Font)              Font shape `OT1/pcr/m/sl' tried instead on input line 3.
)
File: graphics/Top-view.eps Graphic file (type eps)
 <graphics/Top-view.eps>
File: graphics/ps.eps Graphic file (type eps)
 <graphics/ps.eps>

LaTeX Warning: `h' float specifier changed to `ht'.

\openout3 = `main.pyg'.


(./_minted-main/0A46636B0B2011FEE9100DD10389D71A5093E84BEA004B2911D4DA186861F6D
B.pygtex)
\openout3 = `main.pyg'.


(./_minted-main/77B48E86AA42AB4ECD97AB9CB1433CF65093E84BEA004B2911D4DA186861F6D
B.pygtex
Missing character: There is no â in font pcrr7t!
Missing character: There is no ” in font pcrr7t!
Missing character: There is no € in font pcrr7t!
Missing character: There is no â in font pcrr7t!
Missing character: There is no ” in font pcrr7t!
Missing character: There is no ¬ in font pcrr7t!
Missing character: There is no â in font pcrr7t!
Missing character: There is no ” in font pcrr7t!
Missing character: There is no € in font pcrr7t!
Missing character: There is no â in font pcrr7t!
Missing character: There is no ” in font pcrr7t!
Missing character: There is no € in font pcrr7t!
Missing character: There is no â in font pcrr7t!
Missing character: There is no ” in font pcrr7t!
Missing character: There is no ¬ in font pcrr7t!
Missing character: There is no â in font pcrr7t!
Missing character: There is no ” in font pcrr7t!
Missing character: There is no € in font pcrr7t!
Missing character: There is no â in font pcrr7t!
Missing character: There is no ” in font pcrr7t!
Missing character: There is no ‚ in font pcrr7t!
Missing character: There is no â in font pcrr7t!
Missing character: There is no ” in font pcrr7t!
Missing character: There is no ” in font pcrr7t!
Missing character: There is no â in font pcrr7t!
Missing character: There is no ” in font pcrr7t!
Missing character: There is no € in font pcrr7t!
 [3]
Missing character: There is no â in font pcrr7t!
Missing character: There is no ” in font pcrr7t!
Missing character: There is no œ in font pcrr7t!
Missing character: There is no â in font pcrr7t!
Missing character: There is no ” in font pcrr7t!
Missing character: There is no € in font pcrr7t!
Missing character: There is no â in font pcrr7t!
Missing character: There is no ” in font pcrr7t!
Missing character: There is no € in font pcrr7t!
Missing character: There is no â in font pcrr7t!
Missing character: There is no ” in font pcrr7t!
Missing character: There is no ¬ in font pcrr7t!
Missing character: There is no â in font pcrr7t!
Missing character: There is no ” in font pcrr7t!
Missing character: There is no € in font pcrr7t!
Missing character: There is no â in font pcrr7t!
Missing character: There is no ” in font pcrr7t!
Missing character: There is no ‚ in font pcrr7t!
Missing character: There is no â in font pcrr7t!
Missing character: There is no ” in font pcrr7t!
Missing character: There is no œ in font pcrr7t!
Missing character: There is no â in font pcrr7t!
Missing character: There is no ” in font pcrr7t!
Missing character: There is no € in font pcrr7t!
Missing character: There is no â in font pcrr7t!
Missing character: There is no ” in font pcrr7t!
Missing character: There is no ‚ in font pcrr7t!
Missing character: There is no â in font pcrr7t!
Missing character: There is no ” in font pcrr7t!
Missing character: There is no œ in font pcrr7t!
Missing character: There is no â in font pcrr7t!
Missing character: There is no ” in font pcrr7t!
Missing character: There is no € in font pcrr7t!
Missing character: There is no â in font pcrr7t!
Missing character: There is no ” in font pcrr7t!
Missing character: There is no ‚ in font pcrr7t!
Missing character: There is no â in font pcrr7t!
Missing character: There is no ” in font pcrr7t!
Missing character: There is no ” in font pcrr7t!
Missing character: There is no â in font pcrr7t!
Missing character: There is no ” in font pcrr7t!
Missing character: There is no € in font pcrr7t!
Missing character: There is no â in font pcrr7t!
Missing character: There is no ” in font pcrr7t!
Missing character: There is no œ in font pcrr7t!
Missing character: There is no â in font pcrr7t!
Missing character: There is no ” in font pcrr7t!
Missing character: There is no € in font pcrr7t!
Missing character: There is no â in font pcrr7t!
Missing character: There is no ” in font pcrr7t!
Missing character: There is no € in font pcrr7t!
Missing character: There is no â in font pcrr7t!
Missing character: There is no ” in font pcrr7t!
Missing character: There is no ¬ in font pcrr7t!
Missing character: There is no â in font pcrr7t!
Missing character: There is no ” in font pcrr7t!
Missing character: There is no € in font pcrr7t!
Missing character: There is no â in font pcrr7t!
Missing character: There is no ” in font pcrr7t!
Missing character: There is no ‚ in font pcrr7t!
Missing character: There is no â in font pcrr7t!
Missing character: There is no ” in font pcrr7t!
Missing character: There is no œ in font pcrr7t!
Missing character: There is no â in font pcrr7t!
Missing character: There is no ” in font pcrr7t!
Missing character: There is no € in font pcrr7t!
Missing character: There is no â in font pcrr7t!
Missing character: There is no ” in font pcrr7t!
Missing character: There is no ‚ in font pcrr7t!
Missing character: There is no â in font pcrr7t!
Missing character: There is no ” in font pcrr7t!
Missing character: There is no œ in font pcrr7t!
Missing character: There is no â in font pcrr7t!
Missing character: There is no ” in font pcrr7t!
Missing character: There is no € in font pcrr7t!
Missing character: There is no â in font pcrr7t!
Missing character: There is no ” in font pcrr7t!
Missing character: There is no ‚ in font pcrr7t!
Missing character: There is no â in font pcrr7t!
Missing character: There is no ” in font pcrr7t!
Missing character: There is no ” in font pcrr7t!
Missing character: There is no â in font pcrr7t!
Missing character: There is no ” in font pcrr7t!
Missing character: There is no € in font pcrr7t!
Missing character: There is no â in font pcrr7t!
Missing character: There is no ” in font pcrr7t!
Missing character: There is no œ in font pcrr7t!
Missing character: There is no â in font pcrr7t!
Missing character: There is no ” in font pcrr7t!
Missing character: There is no € in font pcrr7t!
Missing character: There is no â in font pcrr7t!
Missing character: There is no ” in font pcrr7t!
Missing character: There is no € in font pcrr7t!
Missing character: There is no â in font pcrr7t!
Missing character: There is no ” in font pcrr7t!
Missing character: There is no ¬ in font pcrr7t!
Missing character: There is no â in font pcrr7t!
Missing character: There is no ” in font pcrr7t!
Missing character: There is no € in font pcrr7t!
Missing character: There is no â in font pcrr7t!
Missing character: There is no ” in font pcrr7t!
Missing character: There is no ‚ in font pcrr7t!
Missing character: There is no â in font pcrr7t!
Missing character: There is no ” in font pcrr7t!
Missing character: There is no ” in font pcrr7t!
Missing character: There is no â in font pcrr7t!
Missing character: There is no ” in font pcrr7t!
Missing character: There is no € in font pcrr7t!
Missing character: There is no â in font pcrr7t!
Missing character: There is no ” in font pcrr7t!
Missing character: There is no œ in font pcrr7t!
Missing character: There is no â in font pcrr7t!
Missing character: There is no ” in font pcrr7t!
Missing character: There is no € in font pcrr7t!
Missing character: There is no â in font pcrr7t!
Missing character: There is no ” in font pcrr7t!
Missing character: There is no œ in font pcrr7t!
Missing character: There is no â in font pcrr7t!
Missing character: There is no ” in font pcrr7t!
Missing character: There is no € in font pcrr7t!
Missing character: There is no â in font pcrr7t!
Missing character: There is no ” in font pcrr7t!
Missing character: There is no œ in font pcrr7t!
Missing character: There is no â in font pcrr7t!
Missing character: There is no ” in font pcrr7t!
Missing character: There is no € in font pcrr7t!
Missing character: There is no â in font pcrr7t!
Missing character: There is no ” in font pcrr7t!
Missing character: There is no € in font pcrr7t!
Missing character: There is no â in font pcrr7t!
Missing character: There is no ” in font pcrr7t!
Missing character: There is no ¬ in font pcrr7t!
Missing character: There is no â in font pcrr7t!
Missing character: There is no ” in font pcrr7t!
Missing character: There is no € in font pcrr7t!
Missing character: There is no â in font pcrr7t!
Missing character: There is no ” in font pcrr7t!
Missing character: There is no ‚ in font pcrr7t!
Missing character: There is no â in font pcrr7t!
Missing character: There is no ” in font pcrr7t!
Missing character: There is no œ in font pcrr7t!
Missing character: There is no â in font pcrr7t!
Missing character: There is no ” in font pcrr7t!
Missing character: There is no € in font pcrr7t!
Missing character: There is no â in font pcrr7t!
Missing character: There is no ” in font pcrr7t!
Missing character: There is no ‚ in font pcrr7t!
Missing character: There is no â in font pcrr7t!
Missing character: There is no ” in font pcrr7t!
Missing character: There is no œ in font pcrr7t!
Missing character: There is no â in font pcrr7t!
Missing character: There is no ” in font pcrr7t!
Missing character: There is no € in font pcrr7t!
Missing character: There is no â in font pcrr7t!
Missing character: There is no ” in font pcrr7t!
Missing character: There is no ‚ in font pcrr7t!
Missing character: There is no â in font pcrr7t!
Missing character: There is no ” in font pcrr7t!
Missing character: There is no ” in font pcrr7t!
Missing character: There is no â in font pcrr7t!
Missing character: There is no ” in font pcrr7t!
Missing character: There is no € in font pcrr7t!
Missing character: There is no â in font pcrr7t!
Missing character: There is no ” in font pcrr7t!
Missing character: There is no œ in font pcrr7t!
Missing character: There is no â in font pcrr7t!
Missing character: There is no ” in font pcrr7t!
Missing character: There is no € in font pcrr7t!
Missing character: There is no â in font pcrr7t!
Missing character: There is no ” in font pcrr7t!
Missing character: There is no € in font pcrr7t!
Missing character: There is no â in font pcrr7t!
Missing character: There is no ” in font pcrr7t!
Missing character: There is no ¬ in font pcrr7t!
Missing character: There is no â in font pcrr7t!
Missing character: There is no ” in font pcrr7t!
Missing character: There is no € in font pcrr7t!
Missing character: There is no â in font pcrr7t!
Missing character: There is no ” in font pcrr7t!
Missing character: There is no ‚ in font pcrr7t!
Missing character: There is no â in font pcrr7t!
Missing character: There is no ” in font pcrr7t!
Missing character: There is no ” in font pcrr7t!
Missing character: There is no â in font pcrr7t!
Missing character: There is no ” in font pcrr7t!
Missing character: There is no € in font pcrr7t!
Missing character: There is no â in font pcrr7t!
Missing character: There is no ” in font pcrr7t!
Missing character: There is no œ in font pcrr7t!
Missing character: There is no â in font pcrr7t!
Missing character: There is no ” in font pcrr7t!
Missing character: There is no € in font pcrr7t!
Missing character: There is no â in font pcrr7t!
Missing character: There is no ” in font pcrr7t!
Missing character: There is no € in font pcrr7t!
Missing character: There is no â in font pcrr7t!
Missing character: There is no ” in font pcrr7t!
Missing character: There is no € in font pcrr7t!
Missing character: There is no â in font pcrr7t!
Missing character: There is no ” in font pcrr7t!
Missing character: There is no € in font pcrr7t!
Missing character: There is no â in font pcrr7t!
Missing character: There is no ” in font pcrr7t!
Missing character: There is no œ in font pcrr7t!
Missing character: There is no â in font pcrr7t!
Missing character: There is no ” in font pcrr7t!
Missing character: There is no € in font pcrr7t!
) [4]
\openout3 = `main.pyg'.


(./_minted-main/0295453ADF5E8DDB9A0766BEBCA1EEFB5093E84BEA004B2911D4DA186861F6D
B.pygtex)
\openout3 = `main.pyg'.


(./_minted-main/CB42047863FF678A703C549029628A5E5093E84BEA004B2911D4DA186861F6D
B.pygtex
LaTeX Font Info:    Font shape `OT1/pcr/bx/n' in size <9.53561> not available
(Font)              Font shape `OT1/pcr/b/n' tried instead on input line 2.
LaTeX Font Info:    Try loading font information for TS1+pcr on input line 2.
 (/usr/share/texlive/texmf-dist/tex/latex/psnfss/ts1pcr.fd
File: ts1pcr.fd 2001/06/04 font definitions for TS1/pcr.
)) [5]

LaTeX Warning: Citation `cscedu' on page 6 undefined on input line 152.


LaTeX Warning: Citation `cfsmemo' on page 6 undefined on input line 161.


LaTeX Warning: Citation `cfshw' on page 6 undefined on input line 161.


LaTeX Warning: Citation `msdnprocess' on page 6 undefined on input line 171.


LaTeX Warning: Citation `msdnprocess' on page 6 undefined on input line 171.

LaTeX Font Info:    Font shape `OT1/phv/m/it' in size <9.53561> not available
(Font)              Font shape `OT1/phv/m/sl' tried instead on input line 173.
[6]

LaTeX Warning: Citation `msdnprocess' on page 7 undefined on input line 181.


LaTeX Warning: Citation `msdnprocess' on page 7 undefined on input line 185.


LaTeX Warning: Citation `msdnprocess' on page 7 undefined on input line 185.

[7]

LaTeX Warning: Citation `windowscpuscheduling' on page 8 undefined on input lin
e 208.


LaTeX Warning: Citation `winconsw' on page 8 undefined on input line 218.


LaTeX Warning: Citation `windowscpuscheduling' on page 8 undefined on input lin
e 220.


LaTeX Warning: Citation `freebsdPD' on page 8 undefined on input line 224.


LaTeX Warning: Citation `freebsdalook' on page 8 undefined on input line 227.

[8]

LaTeX Warning: Citation `freebsdpdf' on page 9 undefined on input line 232.

[9] (./main.bbl)
Package atveryend Info: Empty hook `BeforeClearDocument' on input line 239.
Package atveryend Info: Empty hook `AfterLastShipout' on input line 239.
 (./main.aux)
Package atveryend Info: Empty hook `AtVeryEndDocument' on input line 239.
Package atveryend Info: Executing hook `AtEndAfterFileList' on input line 239.
Package rerunfilecheck Info: File `main.out' has not changed.
(rerunfilecheck)             Checksum: 7720821E01162B24EADF4C995356CDBD;1294.


LaTeX Warning: There were undefined references.

runsystem(rm main.pyg)...executed.

 ) 
Here is how much of TeX's memory you used:
 12099 strings out of 494954
 197956 string characters out of 6181003
 343606 words of memory out of 5000000
 15175 multiletter control sequences out of 15000+600000
 30984 words of font info for 80 fonts, out of 8000000 for 9000
 14 hyphenation exceptions out of 8191
 55i,6n,39p,841b,529s stack positions out of 5000i,500n,10000p,200000b,80000s

Output written on main.dvi (9 pages, 48352 bytes).
