\BOOKMARK [1][-]{section.1}{Linux}{}% 1
\BOOKMARK [2][-]{subsection.1.1}{Process}{section.1}% 2
\BOOKMARK [2][-]{subsection.1.2}{Threads}{section.1}% 3
\BOOKMARK [2][-]{subsection.1.3}{CPU Scheduling}{section.1}% 4
\BOOKMARK [1][-]{section.2}{Windows}{}% 5
\BOOKMARK [2][-]{subsection.2.1}{Process}{section.2}% 6
\BOOKMARK [3][-]{subsubsection.2.1.1}{Command: tasklist}{subsection.2.1}% 7
\BOOKMARK [3][-]{subsubsection.2.1.2}{Close Program}{subsection.2.1}% 8
\BOOKMARK [3][-]{subsubsection.2.1.3}{Task Manager}{subsection.2.1}% 9
\BOOKMARK [2][-]{subsection.2.2}{Threads}{section.2}% 10
\BOOKMARK [2][-]{subsection.2.3}{Fiber}{section.2}% 11
\BOOKMARK [2][-]{subsection.2.4}{CPU Scheduling}{section.2}% 12
\BOOKMARK [3][-]{subsubsection.2.4.1}{Priorities}{subsection.2.4}% 13
\BOOKMARK [3][-]{subsubsection.2.4.2}{Context Switching}{subsection.2.4}% 14
\BOOKMARK [3][-]{subsubsection.2.4.3}{Algorithm}{subsection.2.4}% 15
\BOOKMARK [1][-]{section.3}{FreeBSD}{}% 16
\BOOKMARK [2][-]{subsection.3.1}{Process}{section.3}% 17
\BOOKMARK [2][-]{subsection.3.2}{Threads}{section.3}% 18
\BOOKMARK [2][-]{subsection.3.3}{CPU Scheduling}{section.3}% 19
\BOOKMARK [3][-]{subsubsection.3.3.1}{4.4BSD scheduler}{subsection.3.3}% 20
\BOOKMARK [3][-]{subsubsection.3.3.2}{ULE scheduler}{subsection.3.3}% 21
